<?xml version="1.0" encoding="UTF-8"?>
<!-- Generated by org.testng.reporters.JUnitReportReporter -->
<testsuite hostname="NEWT526" name="com.ecommerce.selenium.pagefactory.framework.OrderFlow_Mobile" tests="1" failures="1" timestamp="29 Nov 2017 13:38:56 GMT" time="0.043" errors="0">
  <testcase name="Addtocart_mob" time="0.043" classname="com.ecommerce.selenium.pagefactory.framework.OrderFlow_Mobile">
    <failure type="java.lang.NullPointerException" message="Name is null">
      <![CDATA[java.lang.NullPointerException: Name is null
	at java.lang.Enum.valueOf(Unknown Source)
	at org.openqa.selenium.Platform.valueOf(Platform.java:30)
	at org.openqa.selenium.Platform.fromString(Platform.java:258)
	at org.openqa.selenium.remote.DesiredCapabilities.setCapability(DesiredCapabilities.java:170)
	at com.ecommerce.selenium.pagefactory.framework.browser.mobile.AndroidMobileBrowser.getDesiredCapabilities(AndroidMobileBrowser.java:55)
	at com.ecommerce.selenium.pagefactory.framework.browser.mobile.AndroidMobileBrowser.createWebDriver(AndroidMobileBrowser.java:75)
	at com.ecommerce.selenium.pagefactory.framework.browser.mobile.AndroidMobileBrowser.createWebDriver(AndroidMobileBrowser.java:19)
	at com.ecommerce.selenium.pagefactory.framework.browser.mobile.MobileBrowser.initializeBrowser(MobileBrowser.java:68)
	at com.ecommerce.selenium.pagefactory.framework.browser.MobileBrowserBuilder.build(MobileBrowserBuilder.java:187)
	at com.ecommerce.selenium.pagefactory.framework.functions.Wrapper.createmobChrome(Wrapper.java:106)
	at com.ecommerce.selenium.pagefactory.framework.functions.Wrapper.openmobApplication(Wrapper.java:43)
	at com.ecommerce.selenium.pagefactory.framework.OrderFlow_Mobile.Addtocart_mob(OrderFlow_Mobile.java:19)
	at sun.reflect.NativeMethodAccessorImpl.invoke0(Native Method)
	at sun.reflect.NativeMethodAccessorImpl.invoke(Unknown Source)
	at sun.reflect.DelegatingMethodAccessorImpl.invoke(Unknown Source)
	at java.lang.reflect.Method.invoke(Unknown Source)
	at org.testng.internal.MethodInvocationHelper.invokeMethod(MethodInvocationHelper.java:84)
	at org.testng.internal.Invoker.invokeMethod(Invoker.java:714)
	at org.testng.internal.Invoker.invokeTestMethod(Invoker.java:901)
	at org.testng.internal.Invoker.invokeTestMethods(Invoker.java:1231)
	at org.testng.internal.TestMethodWorker.invokeTestMethods(TestMethodWorker.java:127)
	at org.testng.internal.TestMethodWorker.run(TestMethodWorker.java:111)
	at org.testng.TestRunner.privateRun(TestRunner.java:767)
	at org.testng.TestRunner.run(TestRunner.java:617)
	at org.testng.SuiteRunner.runTest(SuiteRunner.java:348)
	at org.testng.SuiteRunner.runSequentially(SuiteRunner.java:343)
	at org.testng.SuiteRunner.privateRun(SuiteRunner.java:305)
	at org.testng.SuiteRunner.run(SuiteRunner.java:254)
	at org.testng.SuiteRunnerWorker.runSuite(SuiteRunnerWorker.java:52)
	at org.testng.SuiteRunnerWorker.run(SuiteRunnerWorker.java:86)
	at org.testng.TestNG.runSuitesSequentially(TestNG.java:1224)
	at org.testng.TestNG.runSuitesLocally(TestNG.java:1149)
	at org.testng.TestNG.run(TestNG.java:1057)
	at org.testng.remote.AbstractRemoteTestNG.run(AbstractRemoteTestNG.java:114)
	at org.testng.remote.RemoteTestNG.initAndRun(RemoteTestNG.java:251)
	at org.testng.remote.RemoteTestNG.main(RemoteTestNG.java:77)
]]>
    </failure>
  </testcase> <!-- Addtocart_mob -->
</testsuite> <!-- com.ecommerce.selenium.pagefactory.framework.OrderFlow_Mobile -->
