<?xml version="1.0" encoding="UTF-8"?>
<!-- Generated by org.testng.reporters.JUnitReportReporter -->
<testsuite hostname="NEWT526" name="com.ecommerce.selenium.pagefactory.framework.BroadLeaf_DesktopFlow" tests="3" failures="0" timestamp="4 Jan 2018 14:56:11 GMT" time="135.809" errors="0">
  <testcase name="Addtocart" time="28.076" classname="com.ecommerce.selenium.pagefactory.framework.BroadLeaf_DesktopFlow"/>
  <testcase name="Checkoutcart" time="45.121" classname="com.ecommerce.selenium.pagefactory.framework.BroadLeaf_DesktopFlow"/>
  <testcase name="placeorder" time="62.612" classname="com.ecommerce.selenium.pagefactory.framework.BroadLeaf_DesktopFlow"/>
</testsuite> <!-- com.ecommerce.selenium.pagefactory.framework.BroadLeaf_DesktopFlow -->
