<?xml version="1.0" encoding="UTF-8"?>
<!-- Generated by org.testng.reporters.JUnitReportReporter -->
<testsuite hostname="NEWT526" name="com.jivesoftware.selenium.pagefactory.framework.CreateWebBrowserTests" tests="1" failures="0" timestamp="12 Oct 2017 12:46:46 GMT" time="7.732" errors="0">
  <testcase name="openGoogleChrome" time="7.732" classname="com.jivesoftware.selenium.pagefactory.framework.CreateWebBrowserTests"/>
</testsuite> <!-- com.jivesoftware.selenium.pagefactory.framework.CreateWebBrowserTests -->
