<?xml version="1.0" encoding="UTF-8"?>
<!-- Generated by org.testng.reporters.JUnitReportReporter -->
<testsuite hostname="NEWT526" name="com.ecommerce.selenium.pagefactory.framework.Ecomm_E2E_Flow" tests="1" failures="0" timestamp="30 Oct 2017 12:08:39 GMT" time="14.061" errors="0">
  <testcase name="EcommFlow" time="14.061" classname="com.ecommerce.selenium.pagefactory.framework.Ecomm_E2E_Flow"/>
</testsuite> <!-- com.ecommerce.selenium.pagefactory.framework.Ecomm_E2E_Flow -->
