<?xml version="1.0" encoding="UTF-8"?>
<!-- Generated by org.testng.reporters.JUnitReportReporter -->
<testsuite hostname="NEWT526" name="com.ecommerce.selenium.pagefactory.framework.BroadLeaf_DesktopFlow" tests="1" failures="0" timestamp="4 Jan 2018 14:17:40 GMT" time="54.090" errors="0">
  <testcase name="placeorder" time="54.090" classname="com.ecommerce.selenium.pagefactory.framework.BroadLeaf_DesktopFlow"/>
</testsuite> <!-- com.ecommerce.selenium.pagefactory.framework.BroadLeaf_DesktopFlow -->
