<?xml version="1.0" encoding="UTF-8"?>
<!-- Generated by org.testng.reporters.JUnitReportReporter -->
<testsuite hostname="NEWT526" name="com.ecommerce.selenium.pagefactory.framework.OrderFlow" tests="3" failures="0" timestamp="20 Nov 2017 15:08:18 GMT" time="107.200" errors="0">
  <testcase name="Addtocart" time="37.735" classname="com.ecommerce.selenium.pagefactory.framework.OrderFlow"/>
  <testcase name="placeorder" time="38.493" classname="com.ecommerce.selenium.pagefactory.framework.OrderFlow"/>
  <testcase name="Checkoutcart" time="30.972" classname="com.ecommerce.selenium.pagefactory.framework.OrderFlow"/>
</testsuite> <!-- com.ecommerce.selenium.pagefactory.framework.OrderFlow -->
