<?xml version="1.0" encoding="UTF-8"?>
<!-- Generated by org.testng.reporters.JUnitReportReporter -->
<testsuite hostname="NEWT526" name="com.ecommerce.selenium.pagefactory.framework.Login" tests="1" failures="0" timestamp="30 Oct 2017 11:06:28 GMT" time="14.037" errors="0">
  <testcase name="doLoin" time="14.037" classname="com.ecommerce.selenium.pagefactory.framework.Login"/>
</testsuite> <!-- com.ecommerce.selenium.pagefactory.framework.Login -->
