<?xml version="1.0" encoding="UTF-8"?>
<!-- Generated by org.testng.reporters.JUnitReportReporter -->
<testsuite hostname="NEWT526" name="com.ecommerce.selenium.pagefactory.framework.CreateWebBrowserTests" tests="1" failures="0" timestamp="24 Oct 2017 11:26:27 GMT" time="9.904" errors="0">
  <testcase name="openGoogleChrome" time="9.904" classname="com.ecommerce.selenium.pagefactory.framework.CreateWebBrowserTests"/>
</testsuite> <!-- com.ecommerce.selenium.pagefactory.framework.CreateWebBrowserTests -->
